TN:
SF:src/corecard/account.service.ts
FN:7,(anonymous_0)
FN:18,(anonymous_1)
FN:24,(anonymous_2)
FNF:3
FNH:1
FNDA:1,(anonymous_0)
FNDA:0,(anonymous_1)
FNDA:0,(anonymous_2)
DA:2,1
DA:3,1
DA:4,1
DA:8,1
DA:9,1
DA:19,0
DA:25,0
DA:31,1
LF:8
LH:6
BRF:0
BRH:0
end_of_record
TN:
SF:src/corecard/card.service.ts
FN:9,(anonymous_0)
FN:13,(anonymous_1)
FN:21,(anonymous_2)
FN:31,(anonymous_3)
FN:32,(anonymous_4)
FN:36,(anonymous_5)
FNF:6
FNH:6
FNDA:1,(anonymous_0)
FNDA:2,(anonymous_1)
FNDA:4,(anonymous_2)
FNDA:1,(anonymous_3)
FNDA:2,(anonymous_4)
FNDA:3,(anonymous_5)
DA:2,1
DA:3,1
DA:4,1
DA:5,1
DA:6,1
DA:10,1
DA:11,1
DA:14,2
DA:15,2
DA:16,2
DA:19,2
DA:22,4
DA:23,4
DA:26,4
DA:27,1
DA:29,3
DA:32,2
DA:33,1
DA:34,1
DA:37,3
DA:38,3
DA:39,2
DA:42,1
LF:23
LH:23
BRDA:26,0,0,1
BRDA:26,0,1,3
BRF:2
BRH:2
end_of_record
TN:
SF:src/corecard/sdk.ts
FN:12,(anonymous_0)
FNF:1
FNH:1
FNDA:1,(anonymous_0)
DA:2,1
DA:3,1
DA:4,1
DA:5,1
DA:6,1
DA:7,1
DA:13,1
DA:14,1
DA:15,1
DA:16,1
DA:19,1
LF:11
LH:11
BRF:0
BRH:0
end_of_record
